#
# A fatal error has been detected by the Java Runtime Environment:
#
#  EXCEPTION_ACCESS_VIOLATION (0xc0000005) at pc=0x00007ffb9d36efd1, pid=2772, tid=7204
#
# JRE version: Java(TM) SE Runtime Environment (22.0+36) (build 22+36-2370)
# Java VM: Java HotSpot(TM) 64-Bit Server VM (22+36-2370, mixed mode, sharing, tiered, compressed oops, compressed class ptrs, g1 gc, windows-amd64)
# Problematic frame:
# V  [jvm.dll+0x1cefd1]
#
# No core dump will be written. Minidumps are not enabled by default on client versions of Windows
#
# If you would like to submit a bug report, please visit:
#   https://bugreport.java.com/bugreport/crash.jsp
#

---------------  S U M M A R Y ------------

Command Line: -Dapplication.home=C:\Program Files\Java\jdk-22 --add-modules=ALL-DEFAULT -Xms8m -Djdk.module.main=jdk.compiler jdk.compiler/com.sun.tools.javac.Main superkey.java

Host: AMD E1-1200 APU with Radeon(tm) HD Graphics, 2 cores, 3G,  Windows 10 , 64 bit Build 19041 (10.0.19041.3636)
Time: Thu May  9 10:45:08 2024 India Standard Time elapsed time: 5.002969 seconds (0d 0h 0m 5s)

---------------  T H R E A D  ---------------

Current thread (0x0000018aa18d4570):  WorkerThread "GC Thread#1"    [id=7204, stack(0x0000003e48000000,0x0000003e48100000) (1024K)]

Stack: [0x0000003e48000000,0x0000003e48100000],  sp=0x0000003e480ff508,  free space=1021k
Native frames: (J=compiled Java code, j=interpreted, Vv=VM code, C=native code)
V  [jvm.dll+0x1cefd1]  (no source info available)


siginfo: EXCEPTION_ACCESS_VIOLATION (0xc0000005), reading address 0x0000000000000100


Registers:
RAX=0x0000000000000000, RBX=0xc6cd22c8c6cd57d0, RCX=0x0000018aa2000000, RDX=0x00000000c7578018
RSP=0x0000003e480ff508, RBP=0x0000003e480ff590, RSI=0x0000003e480ff630, RDI=0x00000000c6d1c748
R8 =0x0000018aa2000000, R9 =0x0000000000000000, R10=0x00000000c7578018, R11=0x0000003e480ff590
R12=0x0000000000000000, R13=0x0000018aa2000000, R14=0x00000000c7578018, R15=0x0000018aa19e18a0
RIP=0x00007ffb9d36efd1, EFLAGS=0x0000000000010246


Register to memory mapping:

RAX=0x0 is null
RBX=0xc6cd22c8c6cd57d0 is an unknown value
RCX=0x0000018aa2000000 is pointing into metadata
RDX=0x00000000c7578018 is pointing into object: com.sun.tools.javac.code.Type$MethodType 
{0x00000000c7578000} - klass: 'com/sun/tools/javac/code/Type$MethodType'
 - ---- fields (total size 5 words):
 - protected final 'metadata' 'Lcom/sun/tools/javac/util/List;' @12  a 'com/sun/tools/javac/util/List$1'{0x00000000c6cd22c8} (0xc6cd22c8)
 - public 'tsym' 'Lcom/sun/tools/javac/code/Symbol$TypeSymbol;' @16  a 'com/sun/tools/javac/code/Symbol$ClassSymbol'{0x00000000c6da1ff8} (0xc6da1ff8)
 - public 'argtypes' 'Lcom/sun/tools/javac/util/List;' @20  a 'com/sun/tools/javac/util/List$1'{0x00000000c6cd22c8} (0xc6cd22c8)
 - public 'restype' 'Lcom/sun/tools/javac/code/Type;' @24  a 'com/sun/tools/javac/code/Type$JCPrimitiveType'{0x00000000c6cd57d0} (0xc6cd57d0)
 - public 'thrown' 'Lcom/sun/tools/javac/util/List;' @28  a 'com/sun/tools/javac/util/List$1'{0x00000000c6cd22c8} (0xc6cd22c8)
 - public 'recvtype' 'Lcom/sun/tools/javac/code/Type;' @32  null (0x00000000)
RSP=0x0000003e480ff508 points into unknown readable memory: 0x00007ffb9d4fac4c | 4c ac 4f 9d fb 7f 00 00
RBP=0x0000003e480ff590 points into unknown readable memory: 0x0000000000000040 | 40 00 00 00 00 00 00 00
RSI=0x0000003e480ff630 points into unknown readable memory: 0x0000000000000001 | 01 00 00 00 00 00 00 00
RDI=0x00000000c6d1c748 is pointing into object: [Ljava.util.HashMap$Node; 
{0x00000000c6d00000} - klass: 'java/util/HashMap$Node'[]
 - length: 32768
R8 =0x0000018aa2000000 is pointing into metadata
R9 =0x0 is null
R10=0x00000000c7578018 is pointing into object: com.sun.tools.javac.code.Type$MethodType 
{0x00000000c7578000} - klass: 'com/sun/tools/javac/code/Type$MethodType'
 - ---- fields (total size 5 words):
 - protected final 'metadata' 'Lcom/sun/tools/javac/util/List;' @12  a 'com/sun/tools/javac/util/List$1'{0x00000000c6cd22c8} (0xc6cd22c8)
 - public 'tsym' 'Lcom/sun/tools/javac/code/Symbol$TypeSymbol;' @16  a 'com/sun/tools/javac/code/Symbol$ClassSymbol'{0x00000000c6da1ff8} (0xc6da1ff8)
 - public 'argtypes' 'Lcom/sun/tools/javac/util/List;' @20  a 'com/sun/tools/javac/util/List$1'{0x00000000c6cd22c8} (0xc6cd22c8)
 - public 'restype' 'Lcom/sun/tools/javac/code/Type;' @24  a 'com/sun/tools/javac/code/Type$JCPrimitiveType'{0x00000000c6cd57d0} (0xc6cd57d0)
 - public 'thrown' 'Lcom/sun/tools/javac/util/List;' @28  a 'com/sun/tools/javac/util/List$1'{0x00000000c6cd22c8} (0xc6cd22c8)
 - public 'recvtype' 'Lcom/sun/tools/javac/code/Type;' @32  null (0x00000000)
R11=0x0000003e480ff590 points into unknown readable memory: 0x0000000000000040 | 40 00 00 00 00 00 00 00
R12=0x0 is null
R13=0x0000018aa2000000 is pointing into metadata
R14=0x00000000c7578018 is pointing into object: com.sun.tools.javac.code.Type$MethodType 
{0x00000000c7578000} - klass: 'com/sun/tools/javac/code/Type$MethodType'
 - ---- fields (total size 5 words):
 - protected final 'metadata' 'Lcom/sun/tools/javac/util/List;' @12  a 'com/sun/tools/javac/util/List$1'{0x00000000c6cd22c8} (0xc6cd22c8)
 - public 'tsym' 'Lcom/sun/tools/javac/code/Symbol$TypeSymbol;' @16  a 'com/sun/tools/javac/code/Symbol$ClassSymbol'{0x00000000c6da1ff8} (0xc6da1ff8)
 - public 'argtypes' 'Lcom/sun/tools/javac/util/List;' @20  a 'com/sun/tools/javac/util/List$1'{0x00000000c6cd22c8} (0xc6cd22c8)
 - public 'restype' 'Lcom/sun/tools/javac/code/Type;' @24  a 'com/sun/tools/javac/code/Type$JCPrimitiveType'{0x00000000c6cd57d0} (0xc6cd57d0)
 - public 'thrown' 'Lcom/sun/tools/javac/util/List;' @28  a 'com/sun/tools/javac/util/List$1'{0x00000000c6cd22c8} (0xc6cd22c8)
 - public 'recvtype' 'Lcom/sun/tools/javac/code/Type;' @32  null (0x00000000)
R15=0x0000018aa19e18a0 points into unknown readable memory: 0x00007ffb9db973e8 | e8 73 b9 9d fb 7f 00 00

Top of Stack: (sp=0x0000003e480ff508)
0x0000003e480ff508:   00007ffb9d4fac4c 0000000000000001
0x0000003e480ff518:   0000000000000001 0000003e480ff590
0x0000003e480ff528:   0000003e480ff590 0000018a00000001
0x0000003e480ff538:   0000018a00000000 00000000c6000100
0x0000003e480ff548:   00007ffb9d4f8e05 0000018aa1000001
0x0000003e480ff558:   00007ffb9d8c55df 0000000000000000
0x0000003e480ff568:   0000000000000018 0000000000000018
0x0000003e480ff578:   0000018a84deb650 0000000000000009
0x0000003e480ff588:   00007ffb9d500711 0000000000000040
0x0000003e480ff598:   00000000000001a8 0000018aa1896770
0x0000003e480ff5a8:   0000000000000000 0000003e480ff659
0x0000003e480ff5b8:   00007ffb9d4fc01f 00000000c700077c
0x0000003e480ff5c8:   0000003e480ff630 0000018aa19e18a0
0x0000003e480ff5d8:   0000018a84db45f0 00000000c6fe9028
0x0000003e480ff5e8:   0000003e480ff650 0000fe010000ff00
0x0000003e480ff5f8:   0000018a00000000 0000018a84000100
0x0000003e480ff608:   00007ffb9d87af7f 0000003e48000101
0x0000003e480ff618:   0000003e480ff630 0000000000000000
0x0000003e480ff628:   0000000000000070 0000000000000001
0x0000003e480ff638:   0000018a84de65e0 0000ff004800ff00
0x0000003e480ff648:   00007ffb9d501837 0000003e480ff890
0x0000003e480ff658:   00007ffb9d87af7f 0000003e480ff6e0
0x0000003e480ff668:   00007ffb9d87af7f 00000000c6d20000
0x0000003e480ff678:   00007ffb9d5040cf 00000000c6d1c000
0x0000003e480ff688:   0000000000000001 0000000000000020
0x0000003e480ff698:   0000003e480ff890 00000000c6d20000
0x0000003e480ff6a8:   0000018aa19e18a0 0000003e480ff890
0x0000003e480ff6b8:   00007ffb9d4f833e 0000018a84de71f0
0x0000003e480ff6c8:   00000000c6d20000 00000000c6000001
0x0000003e480ff6d8:   0000000000000800 000000000280b212
0x0000003e480ff6e8:   0000000000000000 0000000000000020
0x0000003e480ff6f8:   0000003e480ff890 0000018a84de71f0 

Instructions: (pc=0x00007ffb9d36efd1)
0x00007ffb9d36eed1:   74 2f 8b 0d af 6e a6 00 49 8b 57 38 49 8b 47 40
0x00007ffb9d36eee1:   48 ff c8 4c 8d 04 c2 48 d3 ea 49 03 56 30 49 d3
0x00007ffb9d36eef1:   e8 48 8d 0d df 84 7f 00 4d 03 46 30 e8 7e f8 ff
0x00007ffb9d36ef01:   ff 48 8b 05 c7 6e a6 00 48 85 c0 74 2a 8b 0d 74
0x00007ffb9d36ef11:   6e a6 00 4c 8d 45 f8 49 2b 5e 30 49 2b 6e 30 4c
0x00007ffb9d36ef21:   03 c3 48 d3 e5 49 d3 e0 48 8b d5 48 8d 0d e5 84
0x00007ffb9d36ef31:   7f 00 e8 48 f8 ff ff 48 8b 5c 24 58 48 8b 6c 24
0x00007ffb9d36ef41:   60 48 8b 74 24 68 48 83 c4 30 41 5f 41 5e 41 5c
0x00007ffb9d36ef51:   c3 cc cc cc cc cc cc cc cc cc cc cc cc cc cc 4c
0x00007ffb9d36ef61:   8b c2 48 8b d1 45 8b 48 08 45 85 c9 7e 0e 41 f6
0x00007ffb9d36ef71:   c1 01 75 56 41 c1 f9 03 49 63 c1 c3 79 4c 80 3d
0x00007ffb9d36ef81:   a5 e8 a0 00 00 b8 0c 00 00 00 b9 10 00 00 00 0f
0x00007ffb9d36ef91:   45 c8 8b 05 ef e6 a0 00 ff c8 4c 63 c0 41 8b c1
0x00007ffb9d36efa1:   48 c1 f8 10 48 63 14 11 41 8b c9 83 e1 3f 0f b6
0x00007ffb9d36efb1:   c0 48 d3 e2 49 8d 0c 10 49 f7 d0 48 03 c1 49 c1
0x00007ffb9d36efc1:   e8 03 48 c1 e8 03 49 23 c0 c3 49 8b 00 49 8b c8
0x00007ffb9d36efd1:   48 ff a0 00 01 00 00 cc cc cc cc cc cc cc cc 48
0x00007ffb9d36efe1:   89 54 24 10 4c 89 44 24 18 4c 89 4c 24 20 48 83
0x00007ffb9d36eff1:   ec 38 0f 10 01 4c 8d 44 24 50 48 8d 4c 24 20 0f
0x00007ffb9d36f001:   29 44 24 20 e8 26 87 1a 00 48 83 c4 38 c3 cc 40
0x00007ffb9d36f011:   53 48 83 ec 50 4c 8b 94 24 88 00 00 00 48 8b d9
0x00007ffb9d36f021:   49 8b 02 48 83 c8 03 48 89 44 24 40 41 8b 42 08
0x00007ffb9d36f031:   89 44 24 48 48 8d 44 24 40 48 89 44 24 30 33 c0
0x00007ffb9d36f041:   48 89 44 24 28 48 89 44 24 20 e8 a0 3a f6 ff 48
0x00007ffb9d36f051:   8d 05 e9 84 7f 00 c6 43 40 00 48 89 03 48 8b 84
0x00007ffb9d36f061:   24 80 00 00 00 48 89 43 48 48 8b c3 48 83 c4 50
0x00007ffb9d36f071:   5b c3 cc cc cc cc cc cc cc cc cc cc cc cc cc 48
0x00007ffb9d36f081:   89 5c 24 08 48 89 6c 24 10 48 89 74 24 18 57 48
0x00007ffb9d36f091:   83 ec 50 45 33 c0 48 8b ea 48 8b f1 b2 05 41 8d
0x00007ffb9d36f0a1:   48 08 e8 48 f7 ee ff 48 8b f8 48 85 c0 74 0c 48
0x00007ffb9d36f0b1:   8d 05 f9 8a 7f 00 48 89 07 eb 02 33 ff 45 33 c0
0x00007ffb9d36f0c1:   b2 05 41 8d 48 08 e8 24 f7 ee ff 48 8b d8 48 85 


Stack slot to memory mapping:

stack at sp + 0 slots: 0x00007ffb9d4fac4c jvm.dll
stack at sp + 1 slots: 0x0000000000000001 is an unknown value
stack at sp + 2 slots: 0x0000000000000001 is an unknown value
stack at sp + 3 slots: 0x0000003e480ff590 points into unknown readable memory: 0x0000000000000040 | 40 00 00 00 00 00 00 00
stack at sp + 4 slots: 0x0000003e480ff590 points into unknown readable memory: 0x0000000000000040 | 40 00 00 00 00 00 00 00
stack at sp + 5 slots: 0x0000018a00000001 is an unknown value
stack at sp + 6 slots: 0x0000018a00000000 is an unknown value
stack at sp + 7 slots: 0x00000000c6000100 is an unknown value


---------------  P R O C E S S  ---------------

Threads class SMR info:
_java_thread_list=0x0000018aa1500a20, length=11, elements={
0x0000018a84bc9060, 0x0000018aa11d5ff0, 0x0000018aa11d6c00, 0x0000018aa11d8670,
0x0000018aa11d90d0, 0x0000018aa11dbf40, 0x0000018aa11dc9a0, 0x0000018aa11dd730,
0x0000018aa1201a50, 0x0000018a84e49000, 0x0000018aa14acea0
}

Java Threads: ( => current thread )
  0x0000018a84bc9060 JavaThread "main"                              [_thread_blocked, id=916, stack(0x0000003e46e00000,0x0000003e46f00000) (1024K)]
  0x0000018aa11d5ff0 JavaThread "Reference Handler"          daemon [_thread_blocked, id=2316, stack(0x0000003e47600000,0x0000003e47700000) (1024K)]
  0x0000018aa11d6c00 JavaThread "Finalizer"                  daemon [_thread_blocked, id=8768, stack(0x0000003e47700000,0x0000003e47800000) (1024K)]
  0x0000018aa11d8670 JavaThread "Signal Dispatcher"          daemon [_thread_blocked, id=4688, stack(0x0000003e47800000,0x0000003e47900000) (1024K)]
  0x0000018aa11d90d0 JavaThread "Attach Listener"            daemon [_thread_blocked, id=8972, stack(0x0000003e47900000,0x0000003e47a00000) (1024K)]
  0x0000018aa11dbf40 JavaThread "Service Thread"             daemon [_thread_blocked, id=7776, stack(0x0000003e47a00000,0x0000003e47b00000) (1024K)]
  0x0000018aa11dc9a0 JavaThread "Monitor Deflation Thread"   daemon [_thread_blocked, id=5632, stack(0x0000003e47b00000,0x0000003e47c00000) (1024K)]
  0x0000018aa11dd730 JavaThread "C2 CompilerThread0"         daemon [_thread_blocked, id=6308, stack(0x0000003e47c00000,0x0000003e47d00000) (1024K)]
  0x0000018aa1201a50 JavaThread "C1 CompilerThread0"         daemon [_thread_blocked, id=5280, stack(0x0000003e47d00000,0x0000003e47e00000) (1024K)]
  0x0000018a84e49000 JavaThread "Common-Cleaner"             daemon [_thread_blocked, id=3520, stack(0x0000003e47e00000,0x0000003e47f00000) (1024K)]
  0x0000018aa14acea0 JavaThread "Notification Thread"        daemon [_thread_blocked, id=1384, stack(0x0000003e47f00000,0x0000003e48000000) (1024K)]
Total: 11

Other Threads:
  0x0000018a84e5ed30 VMThread "VM Thread"                           [id=9056, stack(0x0000003e47500000,0x0000003e47600000) (1024K)]
  0x0000018a84e48450 WatcherThread "VM Periodic Task Thread"        [id=6624, stack(0x0000003e47400000,0x0000003e47500000) (1024K)]
  0x0000018a84dd05b0 WorkerThread "GC Thread#0"                     [id=5056, stack(0x0000003e46f00000,0x0000003e47000000) (1024K)]
=>0x0000018aa18d4570 WorkerThread "GC Thread#1"                     [id=7204, stack(0x0000003e48000000,0x0000003e48100000) (1024K)]
  0x0000018a84dd89d0 ConcurrentGCThread "G1 Main Marker"            [id=8984, stack(0x0000003e47000000,0x0000003e47100000) (1024K)]
  0x0000018a84dd94e0 WorkerThread "G1 Conc#0"                       [id=464, stack(0x0000003e47100000,0x0000003e47200000) (1024K)]
  0x0000018a84defff0 ConcurrentGCThread "G1 Refine#0"               [id=3144, stack(0x0000003e47200000,0x0000003e47300000) (1024K)]
  0x0000018a84df3930 ConcurrentGCThread "G1 Service"                [id=6572, stack(0x0000003e47300000,0x0000003e47400000) (1024K)]
Total: 8

Threads with active compile tasks:
Total: 0

VM state: at safepoint (normal execution)

VM Mutex/Monitor currently owned by a thread:  ([mutex/lock_event])
[0x00007ffb9de0cbc8] Threads_lock - owner thread: 0x0000018a84e5ed30
[0x00007ffb9de0ccc8] Heap_lock - owner thread: 0x0000018a84bc9060

Heap address: 0x00000000c6c00000, size: 916 MB, Compressed Oops mode: 32-bit

CDS archive(s) mapped at: [0x0000018aa2000000-0x0000018aa2c60000-0x0000018aa2c60000), size 12976128, SharedBaseAddress: 0x0000018aa2000000, ArchiveRelocationMode: 1.
Compressed class space mapped at: 0x0000018aa3000000-0x0000018ae3000000, reserved size: 1073741824
Narrow klass base: 0x0000018aa2000000, Narrow klass shift: 0, Narrow klass range: 0x41000000

GC Precious Log:
 CardTable entry size: 512
 Card Set container configuration: InlinePtr #cards 5 size 8 Array Of Cards #cards 12 size 40 Howl #buckets 4 coarsen threshold 1843 Howl Bitmap #cards 512 size 80 coarsen threshold 460 Card regions per heap region 1 cards per card region 2048
 CPUs: 2 total, 2 available
 Memory: 3660M
 Large Page Support: Disabled
 NUMA Support: Disabled
 Compressed Oops: Enabled (32-bit)
 Heap Region Size: 1M
 Heap Min Capacity: 8M
 Heap Initial Capacity: 8M
 Heap Max Capacity: 916M
 Pre-touch: Disabled
 Parallel Workers: 2
 Concurrent Workers: 1
 Concurrent Refinement Workers: 2
 Periodic GC: Disabled

Heap:
 garbage-first heap   total reserved 937984K, committed 10240K, used 7130K [0x00000000c6c00000, 0x0000000100000000)
  region size 1024K, 4 young (4096K), 1 survivors (1024K)
 Metaspace       used 8947K, committed 9152K, reserved 1114112K
  class space    used 1049K, committed 1152K, reserved 1048576K

Heap Regions: E=young(eden), S=young(survivor), O=old, HS=humongous(starts), HC=humongous(continues), CS=collection set, F=free, TAMS=top-at-mark-start, PB=parsable bottom
|   0|0x00000000c6c00000, 0x00000000c6d00000, 0x00000000c6d00000|100%| O|CS|TAMS 0x00000000c6c00000| PB 0x00000000c6c00000| Complete |  0
|   1|0x00000000c6d00000, 0x00000000c6e00000, 0x00000000c6e00000|100%| O|  |TAMS 0x00000000c6d00000| PB 0x00000000c6d00000| Untracked |  0
|   2|0x00000000c6e00000, 0x00000000c6f00000, 0x00000000c6f00000|100%| O|  |TAMS 0x00000000c6e00000| PB 0x00000000c6e00000| Untracked |  0
|   3|0x00000000c6f00000, 0x00000000c7000000, 0x00000000c7000000|100%| O|  |TAMS 0x00000000c6f00000| PB 0x00000000c6f00000| Untracked |  0
|   4|0x00000000c7000000, 0x00000000c70c4810, 0x00000000c7100000| 76%| O|  |TAMS 0x00000000c7000000| PB 0x00000000c7000000| Untracked |  0
|   5|0x00000000c7100000, 0x00000000c71a8350, 0x00000000c7200000| 65%| S|  |TAMS 0x00000000c7100000| PB 0x00000000c7100000| Complete |  0
|   6|0x00000000c7200000, 0x00000000c72cdc78, 0x00000000c7300000| 80%| E|CS|TAMS 0x00000000c7200000| PB 0x00000000c7200000| Complete |  0
|   7|0x00000000c7300000, 0x00000000c7400000, 0x00000000c7400000|100%| E|CS|TAMS 0x00000000c7300000| PB 0x00000000c7300000| Complete |  0
|   8|0x00000000c7400000, 0x00000000c7500000, 0x00000000c7500000|100%| E|CS|TAMS 0x00000000c7400000| PB 0x00000000c7400000| Complete |  0
|   9|0x00000000c7500000, 0x00000000c7600000, 0x00000000c7600000|100%| E|CS|TAMS 0x00000000c7500000| PB 0x00000000c7500000| Complete |  0

Card table byte_map: [0x0000018a9deb0000,0x0000018a9e080000] _byte_map_base: 0x0000018a9d87a000

Marking Bits: (CMBitMap*) 0x0000018a84dd0cc0
 Bits: [0x0000018a9e080000, 0x0000018a9eed0000)

Polling page: 0x0000018a84b70000

Metaspace:

Usage:
  Non-class:      7.71 MB used.
      Class:      1.02 MB used.
       Both:      8.74 MB used.

Virtual space:
  Non-class space:       64.00 MB reserved,       7.81 MB ( 12%) committed,  1 nodes.
      Class space:        1.00 GB reserved,       1.12 MB ( <1%) committed,  1 nodes.
             Both:        1.06 GB reserved,       8.94 MB ( <1%) committed. 

Chunk freelists:
   Non-Class:  5.91 MB
       Class:  14.84 MB
        Both:  20.75 MB

MaxMetaspaceSize: unlimited
CompressedClassSpaceSize: 1.00 GB
Initial GC threshold: 21.00 MB
Current GC threshold: 21.00 MB
CDS: on
 - commit_granule_bytes: 65536.
 - commit_granule_words: 8192.
 - virtual_space_node_default_size: 8388608.
 - enlarge_chunks_in_place: 1.
 - use_allocation_guard: 0.


Internal statistics:

num_allocs_failed_limit: 0.
num_arena_births: 68.
num_arena_deaths: 0.
num_vsnodes_births: 2.
num_vsnodes_deaths: 0.
num_space_committed: 143.
num_space_uncommitted: 0.
num_chunks_returned_to_freelist: 0.
num_chunks_taken_from_freelist: 355.
num_chunk_merges: 0.
num_chunk_splits: 267.
num_chunks_enlarged: 217.
num_inconsistent_stats: 0.

CodeHeap 'non-profiled nmethods': size=120064Kb used=354Kb max_used=354Kb free=119709Kb
 bounds [0x0000018a96390000, 0x0000018a96600000, 0x0000018a9d8d0000]
CodeHeap 'profiled nmethods': size=120000Kb used=2157Kb max_used=2157Kb free=117842Kb
 bounds [0x0000018a8e8d0000, 0x0000018a8eb40000, 0x0000018a95e00000]
CodeHeap 'non-nmethods': size=5696Kb used=1351Kb max_used=1367Kb free=4344Kb
 bounds [0x0000018a95e00000, 0x0000018a96070000, 0x0000018a96390000]
 total_blobs=1682 nmethods=1234 adapters=353
 compilation: enabled
              stopped_count=0, restarted_count=0
 full_count=0

Compilation events (20 events):
Event: 4.156 Thread 0x0000018aa1201a50 nmethod 1225 0x0000018a8eae5d90 code [0x0000018a8eae5f60, 0x0000018a8eae62c8]
Event: 4.156 Thread 0x0000018aa1201a50 1226       3       com.sun.tools.javac.code.Type$ClassType::isParameterized (16 bytes)
Event: 4.157 Thread 0x0000018aa1201a50 nmethod 1226 0x0000018a8eae6410 code [0x0000018a8eae65c0, 0x0000018a8eae67e0]
Event: 4.158 Thread 0x0000018aa1201a50 1227       3       java.util.HashSet::remove (20 bytes)
Event: 4.158 Thread 0x0000018aa1201a50 nmethod 1227 0x0000018a8eae6890 code [0x0000018a8eae6a40, 0x0000018a8eae6c70]
Event: 4.159 Thread 0x0000018aa1201a50 1228       3       com.sun.tools.javac.code.Symbol$ClassSymbol::members (9 bytes)
Event: 4.159 Thread 0x0000018aa1201a50 nmethod 1228 0x0000018a8eae6d10 code [0x0000018a8eae6ec0, 0x0000018a8eae7028]
Event: 4.167 Thread 0x0000018aa1201a50 1229       3       com.sun.tools.javac.code.Types$15::visitClassType (130 bytes)
Event: 4.169 Thread 0x0000018aa11dd730 nmethod 1209 0x0000018a963e7a90 code [0x0000018a963e7ca0, 0x0000018a963e85b8]
Event: 4.172 Thread 0x0000018aa1201a50 nmethod 1229 0x0000018a8eae7110 code [0x0000018a8eae73e0, 0x0000018a8eae86a0]
Event: 4.172 Thread 0x0000018aa1201a50 1230       3       com.sun.tools.javac.code.Types$TypeMapping::visit (12 bytes)
Event: 4.174 Thread 0x0000018aa1201a50 nmethod 1230 0x0000018a8eae8c90 code [0x0000018a8eae8ea0, 0x0000018a8eae95f0]
Event: 4.174 Thread 0x0000018aa1201a50 1231       3       com.sun.tools.javac.code.Types$TypeMapping$$Lambda/0x0000018aa3111a18::<init> (15 bytes)
Event: 4.174 Thread 0x0000018aa1201a50 nmethod 1231 0x0000018a8eae9890 code [0x0000018a8eae9a40, 0x0000018a8eae9c60]
Event: 4.174 Thread 0x0000018aa1201a50 1232       3       com.sun.tools.javac.code.Type$MethodType::accept (9 bytes)
Event: 4.175 Thread 0x0000018aa1201a50 nmethod 1232 0x0000018a8eae9d10 code [0x0000018a8eae9ec0, 0x0000018a8eaea0a0]
Event: 4.180 Thread 0x0000018aa1201a50 1233       3       com.sun.tools.javac.util.ArrayUtils::ensureCapacity (61 bytes)
Event: 4.182 Thread 0x0000018aa1201a50 nmethod 1233 0x0000018a8eaea190 code [0x0000018a8eaea400, 0x0000018a8eaead00]
Event: 4.183 Thread 0x0000018aa1201a50 1234       3       java.net.URI::match (56 bytes)
Event: 4.184 Thread 0x0000018aa1201a50 nmethod 1234 0x0000018a8eaeb090 code [0x0000018a8eaeb240, 0x0000018a8eaeb510]

GC Heap History (13 events):
Event: 2.004 GC heap before
{Heap before GC invocations=0 (full 0):
 garbage-first heap   total reserved 937984K, committed 8192K, used 3072K [0x00000000c6c00000, 0x0000000100000000)
  region size 1024K, 4 young (4096K), 0 survivors (0K)
 Metaspace       used 5681K, committed 5824K, reserved 1114112K
  class space    used 683K, committed 704K, reserved 1048576K
}
Event: 2.026 GC heap after
{Heap after GC invocations=1 (full 0):
 garbage-first heap   total reserved 937984K, committed 8192K, used 1799K [0x00000000c6c00000, 0x0000000100000000)
  region size 1024K, 1 young (1024K), 1 survivors (1024K)
 Metaspace       used 5681K, committed 5824K, reserved 1114112K
  class space    used 683K, committed 704K, reserved 1048576K
}
Event: 2.742 GC heap before
{Heap before GC invocations=1 (full 0):
 garbage-first heap   total reserved 937984K, committed 8192K, used 3847K [0x00000000c6c00000, 0x0000000100000000)
  region size 1024K, 3 young (3072K), 1 survivors (1024K)
 Metaspace       used 7722K, committed 7936K, reserved 1114112K
  class space    used 891K, committed 1024K, reserved 1048576K
}
Event: 2.755 GC heap after
{Heap after GC invocations=2 (full 0):
 garbage-first heap   total reserved 937984K, committed 8192K, used 2633K [0x00000000c6c00000, 0x0000000100000000)
  region size 1024K, 1 young (1024K), 1 survivors (1024K)
 Metaspace       used 7722K, committed 7936K, reserved 1114112K
  class space    used 891K, committed 1024K, reserved 1048576K
}
Event: 3.124 GC heap before
{Heap before GC invocations=2 (full 0):
 garbage-first heap   total reserved 937984K, committed 8192K, used 4681K [0x00000000c6c00000, 0x0000000100000000)
  region size 1024K, 3 young (3072K), 1 survivors (1024K)
 Metaspace       used 8019K, committed 8192K, reserved 1114112K
  class space    used 935K, committed 1024K, reserved 1048576K
}
Event: 3.135 GC heap after
{Heap after GC invocations=3 (full 0):
 garbage-first heap   total reserved 937984K, committed 8192K, used 3275K [0x00000000c6c00000, 0x0000000100000000)
  region size 1024K, 1 young (1024K), 1 survivors (1024K)
 Metaspace       used 8019K, committed 8192K, reserved 1114112K
  class space    used 935K, committed 1024K, reserved 1048576K
}
Event: 3.297 GC heap before
{Heap before GC invocations=3 (full 0):
 garbage-first heap   total reserved 937984K, committed 8192K, used 4299K [0x00000000c6c00000, 0x0000000100000000)
  region size 1024K, 2 young (2048K), 1 survivors (1024K)
 Metaspace       used 8063K, committed 8256K, reserved 1114112K
  class space    used 935K, committed 1024K, reserved 1048576K
}
Event: 3.305 GC heap after
{Heap after GC invocations=4 (full 0):
 garbage-first heap   total reserved 937984K, committed 8192K, used 3485K [0x00000000c6c00000, 0x0000000100000000)
  region size 1024K, 1 young (1024K), 1 survivors (1024K)
 Metaspace       used 8063K, committed 8256K, reserved 1114112K
  class space    used 935K, committed 1024K, reserved 1048576K
}
Event: 3.370 GC heap before
{Heap before GC invocations=4 (full 0):
 garbage-first heap   total reserved 937984K, committed 8192K, used 4509K [0x00000000c6c00000, 0x0000000100000000)
  region size 1024K, 2 young (2048K), 1 survivors (1024K)
 Metaspace       used 8063K, committed 8256K, reserved 1114112K
  class space    used 935K, committed 1024K, reserved 1048576K
}
Event: 3.375 GC heap after
{Heap after GC invocations=5 (full 0):
 garbage-first heap   total reserved 937984K, committed 10240K, used 3540K [0x00000000c6c00000, 0x0000000100000000)
  region size 1024K, 1 young (1024K), 1 survivors (1024K)
 Metaspace       used 8063K, committed 8256K, reserved 1114112K
  class space    used 935K, committed 1024K, reserved 1048576K
}
Event: 3.695 GC heap before
{Heap before GC invocations=6 (full 0):
 garbage-first heap   total reserved 937984K, committed 10240K, used 6612K [0x00000000c6c00000, 0x0000000100000000)
  region size 1024K, 4 young (4096K), 1 survivors (1024K)
 Metaspace       used 8195K, committed 8320K, reserved 1114112K
  class space    used 955K, committed 1024K, reserved 1048576K
}
Event: 3.702 GC heap after
{Heap after GC invocations=7 (full 0):
 garbage-first heap   total reserved 937984K, committed 10240K, used 4058K [0x00000000c6c00000, 0x0000000100000000)
  region size 1024K, 1 young (1024K), 1 survivors (1024K)
 Metaspace       used 8195K, committed 8320K, reserved 1114112K
  class space    used 955K, committed 1024K, reserved 1048576K
}
Event: 4.190 GC heap before
{Heap before GC invocations=7 (full 0):
 garbage-first heap   total reserved 937984K, committed 10240K, used 7130K [0x00000000c6c00000, 0x0000000100000000)
  region size 1024K, 4 young (4096K), 1 survivors (1024K)
 Metaspace       used 8947K, committed 9152K, reserved 1114112K
  class space    used 1049K, committed 1152K, reserved 1048576K
}

Dll operation events (5 events):
Event: 0.034 Loaded shared library C:\Program Files\Java\jdk-22\bin\java.dll
Event: 0.171 Loaded shared library C:\Program Files\Java\jdk-22\bin\jsvml.dll
Event: 0.484 Loaded shared library C:\Program Files\Java\jdk-22\bin\jimage.dll
Event: 0.836 Loaded shared library C:\Program Files\Java\jdk-22\bin\net.dll
Event: 0.843 Loaded shared library C:\Program Files\Java\jdk-22\bin\nio.dll

Deoptimization events (20 events):
Event: 4.106 Thread 0x0000018a84bc9060 Uncommon trap: trap_request=0xffffffc6 fr.pc=0x0000018a963d32c0 relative=0x0000000000000360
Event: 4.106 Thread 0x0000018a84bc9060 Uncommon trap: reason=bimorphic_or_optimized_type_check action=maybe_recompile pc=0x0000018a963d32c0 method=java.util.HashMap.getNode(Ljava/lang/Object;)Ljava/util/HashMap$Node; @ 63 c2
Event: 4.106 Thread 0x0000018a84bc9060 DEOPT PACKING pc=0x0000018a963d32c0 sp=0x0000003e46efea80
Event: 4.106 Thread 0x0000018a84bc9060 DEOPT UNPACKING pc=0x0000018a95e5469c sp=0x0000003e46efe998 mode 2
Event: 4.174 Thread 0x0000018a84bc9060 Uncommon trap: trap_request=0xffffffde fr.pc=0x0000018a963d329c relative=0x000000000000033c
Event: 4.174 Thread 0x0000018a84bc9060 Uncommon trap: reason=class_check action=maybe_recompile pc=0x0000018a963d329c method=java.util.HashMap.getNode(Ljava/lang/Object;)Ljava/util/HashMap$Node; @ 128 c2
Event: 4.174 Thread 0x0000018a84bc9060 DEOPT PACKING pc=0x0000018a963d329c sp=0x0000003e46efe010
Event: 4.174 Thread 0x0000018a84bc9060 DEOPT UNPACKING pc=0x0000018a95e5469c sp=0x0000003e46efdf28 mode 2
Event: 4.174 Thread 0x0000018a84bc9060 Uncommon trap: trap_request=0xffffffde fr.pc=0x0000018a963e84f8 relative=0x0000000000000858
Event: 4.174 Thread 0x0000018a84bc9060 Uncommon trap: reason=class_check action=maybe_recompile pc=0x0000018a963e84f8 method=java.util.HashMap.putVal(ILjava/lang/Object;Ljava/lang/Object;ZZ)Ljava/lang/Object; @ 203 c2
Event: 4.174 Thread 0x0000018a84bc9060 DEOPT PACKING pc=0x0000018a963e84f8 sp=0x0000003e46efdfd0
Event: 4.174 Thread 0x0000018a84bc9060 DEOPT UNPACKING pc=0x0000018a95e5469c sp=0x0000003e46efdef8 mode 2
Event: 4.175 Thread 0x0000018a84bc9060 Uncommon trap: trap_request=0xffffffc6 fr.pc=0x0000018a963d32c0 relative=0x0000000000000360
Event: 4.175 Thread 0x0000018a84bc9060 Uncommon trap: reason=bimorphic_or_optimized_type_check action=maybe_recompile pc=0x0000018a963d32c0 method=java.util.HashMap.getNode(Ljava/lang/Object;)Ljava/util/HashMap$Node; @ 63 c2
Event: 4.175 Thread 0x0000018a84bc9060 DEOPT PACKING pc=0x0000018a963d32c0 sp=0x0000003e46efe030
Event: 4.175 Thread 0x0000018a84bc9060 DEOPT UNPACKING pc=0x0000018a95e5469c sp=0x0000003e46efdf48 mode 2
Event: 4.179 Thread 0x0000018a84bc9060 Uncommon trap: trap_request=0xffffffc6 fr.pc=0x0000018a963d3c28 relative=0x0000000000000348
Event: 4.179 Thread 0x0000018a84bc9060 Uncommon trap: reason=bimorphic_or_optimized_type_check action=maybe_recompile pc=0x0000018a963d3c28 method=java.util.HashMap.getNode(Ljava/lang/Object;)Ljava/util/HashMap$Node; @ 63 c2
Event: 4.179 Thread 0x0000018a84bc9060 DEOPT PACKING pc=0x0000018a963d3c28 sp=0x0000003e46efea20
Event: 4.179 Thread 0x0000018a84bc9060 DEOPT UNPACKING pc=0x0000018a95e5469c sp=0x0000003e46efe998 mode 2

Classes loaded (20 events):
Event: 3.033 Loading class java/util/ImmutableCollections$Access$1
Event: 3.033 Loading class jdk/internal/access/JavaUtilCollectionAccess
Event: 3.033 Loading class jdk/internal/access/JavaUtilCollectionAccess done
Event: 3.033 Loading class java/util/ImmutableCollections$Access$1 done
Event: 3.037 Loading class java/util/stream/Nodes$SpinedNodeBuilder
Event: 3.037 Loading class java/util/stream/Nodes$SpinedNodeBuilder done
Event: 3.039 Loading class sun/nio/fs/WindowsPath$WindowsPathWithAttributes
Event: 3.039 Loading class sun/nio/fs/BasicFileAttributesHolder
Event: 3.039 Loading class sun/nio/fs/BasicFileAttributesHolder done
Event: 3.039 Loading class sun/nio/fs/WindowsPath$WindowsPathWithAttributes done
Event: 3.574 Loading class java/util/LinkedList$Node
Event: 3.575 Loading class java/util/LinkedList$Node done
Event: 3.646 Loading class java/lang/invoke/MethodHandle$1
Event: 3.646 Loading class java/lang/invoke/MethodHandle$1 done
Event: 4.093 Loading class java/util/function/ToIntBiFunction
Event: 4.093 Loading class java/util/function/ToIntBiFunction done
Event: 4.103 Loading class sun/nio/fs/WindowsChannelFactory$2
Event: 4.103 Loading class sun/nio/fs/WindowsChannelFactory$2 done
Event: 4.105 Loading class sun/nio/ch/ChannelOutputStream
Event: 4.105 Loading class sun/nio/ch/ChannelOutputStream done

Classes unloaded (0 events):
No events

Classes redefined (0 events):
No events

Internal exceptions (16 events):
Event: 0.801 Thread 0x0000018a84bc9060 Exception <a 'java/lang/NoSuchMethodError'{0x00000000c71132a8}: 'void java.lang.invoke.DirectMethodHandle$Holder.invokeSpecial(java.lang.Object, java.lang.Object, java.lang.Object)'> (0x00000000c71132a8) 
thrown [s\open\src\hotspot\share\interpreter\linkResolver.cpp, line 774]
Event: 0.918 Thread 0x0000018a84bc9060 Exception <a 'java/lang/NoSuchMethodError'{0x00000000c7153c68}: 'int java.lang.invoke.DirectMethodHandle$Holder.invokeVirtual(java.lang.Object, java.lang.Object, java.lang.Object)'> (0x00000000c7153c68) 
thrown [s\open\src\hotspot\share\interpreter\linkResolver.cpp, line 774]
Event: 0.924 Thread 0x0000018a84bc9060 Exception <a 'java/lang/NoSuchMethodError'{0x00000000c7159a08}: 'void java.lang.invoke.DirectMethodHandle$Holder.invokeInterface(java.lang.Object, java.lang.Object, java.lang.Object)'> (0x00000000c7159a08) 
thrown [s\open\src\hotspot\share\interpreter\linkResolver.cpp, line 774]
Event: 1.363 Thread 0x0000018a84bc9060 Exception <a 'java/lang/NoSuchMethodError'{0x00000000c704c428}: 'int java.lang.invoke.DirectMethodHandle$Holder.invokeStaticInit(java.lang.Object, java.lang.Object)'> (0x00000000c704c428) 
thrown [s\open\src\hotspot\share\interpreter\linkResolver.cpp, line 774]
Event: 2.030 Thread 0x0000018a84bc9060 Exception <a 'java/lang/NoSuchMethodError'{0x00000000c7300b68}: 'int java.lang.invoke.DirectMethodHandle$Holder.invokeVirtual(java.lang.Object, java.lang.Object)'> (0x00000000c7300b68) 
thrown [s\open\src\hotspot\share\interpreter\linkResolver.cpp, line 774]
Event: 2.077 Thread 0x0000018a84bc9060 Exception <a 'java/lang/NoSuchMethodError'{0x00000000c7332730}: 'java.lang.Object java.lang.invoke.DirectMethodHandle$Holder.newInvokeSpecial(java.lang.Object, java.lang.Object, java.lang.Object, java.lang.Object, java.lang.Object)'> (0x00000000c7332730) 
thrown [s\open\src\hotspot\share\interpreter\linkResolver.cpp, line 774]
Event: 2.094 Thread 0x0000018a84bc9060 Exception <a 'java/lang/NoSuchMethodError'{0x00000000c733fc28}: 'java.lang.Object java.lang.invoke.DirectMethodHandle$Holder.newInvokeSpecial(java.lang.Object, java.lang.Object, java.lang.Object, java.lang.Object, java.lang.Object, java.lang.Object)'> (0x00000000c733fc28) 
thrown [s\open\src\hotspot\share\interpreter\linkResolver.cpp, line 774]
Event: 2.240 Thread 0x0000018a84bc9060 Exception <a 'java/lang/NoSuchMethodError'{0x00000000c7398f50}: 'java.lang.Object java.lang.invoke.DirectMethodHandle$Holder.invokeVirtual(java.lang.Object, java.lang.Object, java.lang.Object)'> (0x00000000c7398f50) 
thrown [s\open\src\hotspot\share\interpreter\linkResolver.cpp, line 774]
Event: 2.265 Thread 0x0000018a84bc9060 Exception <a 'java/lang/NoSuchMethodError'{0x00000000c73a2e28}: 'int java.lang.invoke.DirectMethodHandle$Holder.invokeInterface(java.lang.Object, java.lang.Object)'> (0x00000000c73a2e28) 
thrown [s\open\src\hotspot\share\interpreter\linkResolver.cpp, line 774]
Event: 2.273 Thread 0x0000018a84bc9060 Exception <a 'sun/nio/fs/WindowsException'{0x00000000c73a8b88}> (0x00000000c73a8b88) 
thrown [s\open\src\hotspot\share\prims\jni.cpp, line 520]
Event: 2.645 Thread 0x0000018a84bc9060 Exception <a 'java/lang/NoSuchMethodError'{0x00000000c72cd240}: 'java.lang.Object java.lang.invoke.DirectMethodHandle$Holder.invokeSpecial(java.lang.Object, java.lang.Object, java.lang.Object, int, int)'> (0x00000000c72cd240) 
thrown [s\open\src\hotspot\share\interpreter\linkResolver.cpp, line 774]
Event: 2.650 Thread 0x0000018a84bc9060 Exception <a 'java/lang/NoSuchMethodError'{0x00000000c72d3ae8}: 'java.lang.Object java.lang.invoke.DirectMethodHandle$Holder.invokeVirtual(java.lang.Object, java.lang.Object, int)'> (0x00000000c72d3ae8) 
thrown [s\open\src\hotspot\share\interpreter\linkResolver.cpp, line 774]
Event: 3.017 Thread 0x0000018a84bc9060 Exception <a 'java/lang/NoSuchMethodError'{0x00000000c7285b90}: 'void java.lang.invoke.DirectMethodHandle$Holder.invokeStatic(java.lang.Object, java.lang.Object)'> (0x00000000c7285b90) 
thrown [s\open\src\hotspot\share\interpreter\linkResolver.cpp, line 774]
Event: 3.581 Thread 0x0000018a84bc9060 Exception <a 'java/lang/NoSuchMethodError'{0x00000000c74b7f78}: 'java.lang.Object java.lang.invoke.DirectMethodHandle$Holder.invokeVirtual(java.lang.Object, java.lang.Object, java.lang.Object, int, int)'> (0x00000000c74b7f78) 
thrown [s\open\src\hotspot\share\interpreter\linkResolver.cpp, line 774]
Event: 3.590 Thread 0x0000018a84bc9060 Exception <a 'java/lang/NoSuchMethodError'{0x00000000c74c0df0}: 'int java.lang.invoke.DirectMethodHandle$Holder.invokeSpecial(java.lang.Object, java.lang.Object, java.lang.Object)'> (0x00000000c74c0df0) 
thrown [s\open\src\hotspot\share\interpreter\linkResolver.cpp, line 774]
Event: 3.630 Thread 0x0000018a84bc9060 Exception <a 'java/lang/NoSuchMethodError'{0x00000000c74dc8e8}: 'java.lang.Object java.lang.invoke.DirectMethodHandle$Holder.invokeInterface(java.lang.Object, java.lang.Object)'> (0x00000000c74dc8e8) 
thrown [s\open\src\hotspot\share\interpreter\linkResolver.cpp, line 774]

ZGC Phase Switch (0 events):
No events

VM Operations (20 events):
Event: 2.287 Executing VM operation: HandshakeAllThreads (Deoptimize) done
Event: 2.509 Executing VM operation: HandshakeAllThreads (Deoptimize)
Event: 2.509 Executing VM operation: HandshakeAllThreads (Deoptimize) done
Event: 2.742 Executing VM operation: G1CollectForAllocation (G1 Evacuation Pause)
Event: 2.755 Executing VM operation: G1CollectForAllocation (G1 Evacuation Pause) done
Event: 3.040 Executing VM operation: HandshakeAllThreads (Deoptimize)
Event: 3.040 Executing VM operation: HandshakeAllThreads (Deoptimize) done
Event: 3.123 Executing VM operation: G1CollectForAllocation (G1 Evacuation Pause)
Event: 3.135 Executing VM operation: G1CollectForAllocation (G1 Evacuation Pause) done
Event: 3.297 Executing VM operation: G1CollectForAllocation (G1 Evacuation Pause)
Event: 3.305 Executing VM operation: G1CollectForAllocation (G1 Evacuation Pause) done
Event: 3.370 Executing VM operation: G1CollectForAllocation (G1 Evacuation Pause)
Event: 3.375 Executing VM operation: G1CollectForAllocation (G1 Evacuation Pause) done
Event: 3.403 Executing VM operation: G1PauseRemark
Event: 3.406 Executing VM operation: G1PauseRemark done
Event: 3.414 Executing VM operation: G1PauseCleanup
Event: 3.414 Executing VM operation: G1PauseCleanup done
Event: 3.695 Executing VM operation: G1CollectForAllocation (G1 Evacuation Pause)
Event: 3.702 Executing VM operation: G1CollectForAllocation (G1 Evacuation Pause) done
Event: 4.190 Executing VM operation: G1CollectForAllocation (G1 Evacuation Pause)

Events (11 events):
Event: 0.102 Thread 0x0000018a84bc9060 Thread added: 0x0000018a84bc9060
Event: 0.163 Thread 0x0000018aa11d5ff0 Thread added: 0x0000018aa11d5ff0
Event: 0.163 Thread 0x0000018aa11d6c00 Thread added: 0x0000018aa11d6c00
Event: 0.165 Thread 0x0000018aa11d8670 Thread added: 0x0000018aa11d8670
Event: 0.165 Thread 0x0000018aa11d90d0 Thread added: 0x0000018aa11d90d0
Event: 0.165 Thread 0x0000018aa11dbf40 Thread added: 0x0000018aa11dbf40
Event: 0.165 Thread 0x0000018aa11dc9a0 Thread added: 0x0000018aa11dc9a0
Event: 0.166 Thread 0x0000018aa11dd730 Thread added: 0x0000018aa11dd730
Event: 0.171 Thread 0x0000018aa1201a50 Thread added: 0x0000018aa1201a50
Event: 0.318 Thread 0x0000018a84e49000 Thread added: 0x0000018a84e49000
Event: 0.471 Thread 0x0000018aa14acea0 Thread added: 0x0000018aa14acea0


Dynamic libraries:
0x00007ff6974f0000 - 0x00007ff6974f8000 	C:\Program Files\Java\jdk-22\bin\javac.exe
0x00007ffbdce30000 - 0x00007ffbdd028000 	C:\WINDOWS\SYSTEM32\ntdll.dll
0x00007ffbdcd10000 - 0x00007ffbdcdcd000 	C:\WINDOWS\System32\KERNEL32.DLL
0x00007ffbda620000 - 0x00007ffbda916000 	C:\WINDOWS\System32\KERNELBASE.dll
0x00007ffbdaab0000 - 0x00007ffbdabb0000 	C:\WINDOWS\System32\ucrtbase.dll
0x00007ffbd5a70000 - 0x00007ffbd5a87000 	C:\Program Files\Java\jdk-22\bin\jli.dll
0x00007ffbdb790000 - 0x00007ffbdb840000 	C:\WINDOWS\System32\ADVAPI32.dll
0x00007ffbdc9e0000 - 0x00007ffbdca7e000 	C:\WINDOWS\System32\msvcrt.dll
0x00007ffbdbc00000 - 0x00007ffbdbca0000 	C:\WINDOWS\System32\sechost.dll
0x00007ffbdca80000 - 0x00007ffbdcba3000 	C:\WINDOWS\System32\RPCRT4.dll
0x00007ffbdac90000 - 0x00007ffbdacb7000 	C:\WINDOWS\System32\bcrypt.dll
0x00007ffbdc4e0000 - 0x00007ffbdc67f000 	C:\WINDOWS\System32\USER32.dll
0x00007ffbdad60000 - 0x00007ffbdad82000 	C:\WINDOWS\System32\win32u.dll
0x00007ffbdc820000 - 0x00007ffbdc84b000 	C:\WINDOWS\System32\GDI32.dll
0x00007ffbd4c40000 - 0x00007ffbd4c5b000 	C:\Program Files\Java\jdk-22\bin\VCRUNTIME140.dll
0x00007ffbda990000 - 0x00007ffbdaaa7000 	C:\WINDOWS\System32\gdi32full.dll
0x00007ffbdacc0000 - 0x00007ffbdad5d000 	C:\WINDOWS\System32\msvcp_win.dll
0x00007ffbc7e60000 - 0x00007ffbc80fa000 	C:\WINDOWS\WinSxS\amd64_microsoft.windows.common-controls_6595b64144ccf1df_6.0.19041.4355_none_60b8b9eb71f62e16\COMCTL32.dll
0x00007ffbcdbd0000 - 0x00007ffbcdbda000 	C:\WINDOWS\SYSTEM32\VERSION.dll
0x00007ffbdb280000 - 0x00007ffbdb2b2000 	C:\WINDOWS\System32\IMM32.DLL
0x00007ffbd7dc0000 - 0x00007ffbd7dcc000 	C:\Program Files\Java\jdk-22\bin\vcruntime140_1.dll
0x00007ffbbf830000 - 0x00007ffbbf8be000 	C:\Program Files\Java\jdk-22\bin\msvcp140.dll
0x00007ffb9d1a0000 - 0x00007ffb9dee8000 	C:\Program Files\Java\jdk-22\bin\server\jvm.dll
0x00007ffbdc680000 - 0x00007ffbdc6eb000 	C:\WINDOWS\System32\WS2_32.dll
0x00007ffbda3c0000 - 0x00007ffbda40b000 	C:\WINDOWS\SYSTEM32\POWRPROF.dll
0x00007ffbcafb0000 - 0x00007ffbcafd7000 	C:\WINDOWS\SYSTEM32\WINMM.dll
0x00007ffbda3a0000 - 0x00007ffbda3b2000 	C:\WINDOWS\SYSTEM32\UMPDC.dll
0x00007ffbd83f0000 - 0x00007ffbd8402000 	C:\WINDOWS\SYSTEM32\kernel.appcore.dll
0x00007ffbd6050000 - 0x00007ffbd605a000 	C:\Program Files\Java\jdk-22\bin\jimage.dll
0x00007ffbc3d20000 - 0x00007ffbc3f04000 	C:\WINDOWS\SYSTEM32\DBGHELP.DLL
0x00007ffbc3cc0000 - 0x00007ffbc3cf4000 	C:\WINDOWS\SYSTEM32\dbgcore.DLL
0x00007ffbdac00000 - 0x00007ffbdac82000 	C:\WINDOWS\System32\bcryptPrimitives.dll
0x00007ffbd3fa0000 - 0x00007ffbd3fbe000 	C:\Program Files\Java\jdk-22\bin\java.dll
0x00007ffbdbca0000 - 0x00007ffbdc40d000 	C:\WINDOWS\System32\SHELL32.dll
0x00007ffbdc6f0000 - 0x00007ffbdc81b000 	C:\WINDOWS\System32\ole32.dll
0x00007ffbdb8a0000 - 0x00007ffbdbbf3000 	C:\WINDOWS\System32\combase.dll
0x00007ffbd85f0000 - 0x00007ffbd8d8d000 	C:\WINDOWS\SYSTEM32\windows.storage.dll
0x00007ffbd9ec0000 - 0x00007ffbd9eee000 	C:\WINDOWS\SYSTEM32\Wldp.dll
0x00007ffbdc410000 - 0x00007ffbdc4dd000 	C:\WINDOWS\System32\OLEAUT32.dll
0x00007ffbdb1d0000 - 0x00007ffbdb27d000 	C:\WINDOWS\System32\SHCORE.dll
0x00007ffbdb730000 - 0x00007ffbdb785000 	C:\WINDOWS\System32\shlwapi.dll
0x00007ffbda4a0000 - 0x00007ffbda4c4000 	C:\WINDOWS\SYSTEM32\profapi.dll
0x00007ffbb4a80000 - 0x00007ffbb4b57000 	C:\Program Files\Java\jdk-22\bin\jsvml.dll
0x00007ffbd5f20000 - 0x00007ffbd5f30000 	C:\Program Files\Java\jdk-22\bin\net.dll
0x00007ffbd9c20000 - 0x00007ffbd9c8a000 	C:\WINDOWS\system32\mswsock.dll
0x00007ffbd04a0000 - 0x00007ffbd04b6000 	C:\Program Files\Java\jdk-22\bin\nio.dll

dbghelp: loaded successfully - version: 4.0.5 - missing functions: none
symbol engine: initialized successfully - sym options: 0x614 - pdb path: .;C:\Program Files\Java\jdk-22\bin;C:\WINDOWS\SYSTEM32;C:\WINDOWS\WinSxS\amd64_microsoft.windows.common-controls_6595b64144ccf1df_6.0.19041.4355_none_60b8b9eb71f62e16;C:\Program Files\Java\jdk-22\bin\server

VM Arguments:
jvm_args: -Dapplication.home=C:\Program Files\Java\jdk-22 --add-modules=ALL-DEFAULT -Xms8m -Djdk.module.main=jdk.compiler 
java_command: jdk.compiler/com.sun.tools.javac.Main superkey.java
java_class_path (initial): <not set>
Launcher Type: SUN_STANDARD

[Global flags]
     intx CICompilerCount                          = 2                                         {product} {ergonomic}
     uint ConcGCThreads                            = 1                                         {product} {ergonomic}
     uint G1ConcRefinementThreads                  = 2                                         {product} {ergonomic}
   size_t G1HeapRegionSize                         = 1048576                                   {product} {ergonomic}
   size_t InitialHeapSize                          = 8388608                                   {product} {command line}
   size_t MarkStackSize                            = 4194304                                   {product} {ergonomic}
   size_t MaxHeapSize                              = 960495616                                 {product} {ergonomic}
   size_t MaxNewSize                               = 575668224                                 {product} {ergonomic}
   size_t MinHeapDeltaBytes                        = 1048576                                   {product} {ergonomic}
   size_t MinHeapSize                              = 8388608                                   {product} {command line}
    uintx NonNMethodCodeHeapSize                   = 5826188                                {pd product} {ergonomic}
    uintx NonProfiledCodeHeapSize                  = 122916026                              {pd product} {ergonomic}
    uintx ProfiledCodeHeapSize                     = 122916026                              {pd product} {ergonomic}
    uintx ReservedCodeCacheSize                    = 251658240                              {pd product} {ergonomic}
     bool SegmentedCodeCache                       = true                                      {product} {ergonomic}
   size_t SoftMaxHeapSize                          = 960495616                              {manageable} {ergonomic}
     bool UseCompressedOops                        = true                           {product lp64_product} {ergonomic}
     bool UseG1GC                                  = true                                      {product} {ergonomic}
     bool UseLargePagesIndividualAllocation        = false                                  {pd product} {ergonomic}

Logging:
Log output configuration:
 #0: stdout all=warning uptime,level,tags foldmultilines=false
 #1: stderr all=off uptime,level,tags foldmultilines=false

Environment Variables:
PATH=C:\Program Files\Common Files\Oracle\Java\javapath;C:\oraclexe\app\oracle\product\10.2.0\server\bin;C:\Python311\Scripts\;C:\Python311\;C:\WINDOWS\system32;C:\WINDOWS;C:\WINDOWS\System32\Wbem;C:\WINDOWS\System32\WindowsPowerShell\v1.0\;C:\Program Files (x86)\ATI Technologies\ATI.ACE\Core-Static;C:\WINDOWS\System32\OpenSSH\;C:\MinGW\bin;C:\Program Files\Git\cmd;C:\Program Files\Git\mingw64\bin;C:\Program Files\Git\usr\bin;C:\Program Files\nodejs\;C:\Users\user\AppData\Local\Microsoft\WindowsApps;;C:\Users\user\AppData\Local\Programs\Microsoft VS Code\bin;C:\Users\user\AppData\Roaming\npm
USERNAME=user
LANG=en_US.UTF-8
OS=Windows_NT
PROCESSOR_IDENTIFIER=AMD64 Family 20 Model 2 Stepping 0, AuthenticAMD
TMP=C:\Users\user\AppData\Local\Temp
TEMP=C:\Users\user\AppData\Local\Temp




Periodic native trim disabled

---------------  S Y S T E M  ---------------

OS:
 Windows 10 , 64 bit Build 19041 (10.0.19041.3636)
OS uptime: 3 days 21:02 hours

CPU: total 2 (initial active 2) (2 cores per cpu, 1 threads per core) family 20 model 2 stepping 0 microcode 0x0, cx8, cmov, fxsr, mmx, 3dnowpref, sse, sse2, sse3, ssse3, sse4a, popcnt, lzcnt, tsc, tscinvbit, clflush, rdtscp
Processor Information for all 2 processors :
  Max Mhz: 1400, Current Mhz: 1400, Mhz Limit: 1400

Memory: 4k page, system-wide physical 3660M (532M free)
TotalPageFile size 9804M (AvailPageFile size 5400M)
current process WorkingSet (physical memory assigned to process): 68M, peak: 68M
current process commit charge ("private bytes"): 89M, peak: 89M

vm_info: Java HotSpot(TM) 64-Bit Server VM (22+36-2370) for windows-amd64 JRE (22+36-2370), built on 2024-02-15T22:15:19Z by "mach5one" with MS VC++ 17.6 (VS2022)

END.
